        -:    0:Source:pid.c
        -:    0:Graph:pid.gcno
        -:    0:Data:pid.gcda
        -:    0:Runs:1
        -:    0:Programs:1
        -:    1:/**
        -:    2: ****************************************************************************************************
        -:    3: * @file        protocol.c
        -:    4: * @author      Kaoya (烤鸭)
        -:    5: * @version     V1.0
        -:    6: * @date        2026-02-04
        -:    7: * @brief       通信协议
        -:    8: * @details
        -:    9: *  本文件实现一个轻量级 PID 控制器，面向下位机实时控制场景（如差速轮速闭环）。
        -:   10: *  设计目标：可复用、可调参、默认安全（限幅保护）、便于在面试中解释“工程化控制实现”。
        -:   11: *
        -:   12: *  功能特性：
        -:   13: *   - 基本 PID：P + I + D
        -:   14: *   - 积分抗饱和：积分累加 i_acc 带限幅（i_limit）
        -:   15: *   - 输出限幅：最终输出 out 带限幅（out_limit）
        -:   16: *   - D 项可选：kd=0 时自动关闭微分；dt<=0 时不计算微分，避免除 0
        -:   17: *   - 输出类型：float 计算，最终四舍五入输出 int16（便于直接映射到 PWM/力矩指令）
        -:   18: *
        -:   19: *  参数与状态：
        -:   20: *   - 参数：kp / ki / kd
        -:   21: *   - 状态：i_acc（积分累加器）/ prev_err（上次误差）
        -:   22: *   - PID_Init() 中会将 i_limit/out_limit 的负值转为正值，避免歧义
        -:   23: *
        -:   24: *  使用建议：
        -:   25: *   1) 控制周期 dt 必须与 ControlTask 的实际节拍一致（建议固定周期 vTaskDelayUntil）
        -:   26: *   2) 速度闭环常见配置：
        -:   27: *      - kd 通常可先置 0（只做 PI），稳定后再按需加入 D 项抑制超调/振荡
        -:   28: *      - i_limit 需要结合执行器能力与系统误差量级设置，避免“积分顶死”
        -:   29: *   3) 如需更强工程性：
        -:   30: *      - 可加入积分分离、前馈、死区补偿、输出斜坡限制（限加速度）等策略
        -:   31: *
        -:   32: * @platform    STM32F407ZGT6 + FreeRTOS + HAL
        -:   33: * @board       Kaoya Robot 下位机
        -:   34: * @店铺链接： https://mall.bilibili.com/neul-next/detailshop/index.html?channel=WEIXIN&curTab=LIVE_REPLAY&loadingShow=1&msource=cps_showcase_384121683&noTitleBar=1&outsideMall=yes&page=detailshop_detail&share_mid=384121683&smallShopMid=384121683#themeType=1 
        -:   35: * @copyright
        -:   36: *              Copyright (c) 2025-2035 Kaoya. All rights reserved.
        -:   37: ****************************************************************************************************
        -:   38: */
        -:   39:#include "pid.h"
        -:   40:#include <math.h>
        -:   41:#include "log_task.h"
        -:   42:
        -:   43:/* =========================
        -:   44: * 内部工具函数 -> 限幅（不对外暴露）
        -:   45: * ========================= */
function pid_clampf called 14 returned 100% blocks executed 100%
       14:   46:static inline float pid_clampf(float x, float lo, float hi)
        -:   47:{
       14:   48:    if (x < lo) return lo;
branch  0 taken 2 (fallthrough)
branch  1 taken 12
       12:   49:    if (x > hi) return hi;
branch  0 taken 2 (fallthrough)
branch  1 taken 10
       10:   50:    return x;
        -:   51:}
        -:   52:
function PID_Init called 4 returned 100% blocks executed 100%
        4:   53:void PID_Init(PID_t* pid, float kp, float ki, float kd, float i_limit, float out_limit)
        -:   54:{
        4:   55:    if (pid == NULL) return;
branch  0 taken 1 (fallthrough)
branch  1 taken 3
        -:   56:
        3:   57:    pid->kp = kp;
        3:   58:    pid->ki = ki;
        3:   59:    pid->kd = kd;
        -:   60:
        3:   61:    pid->i_acc = 0.0f;
        3:   62:    pid->prev_err = 0.0f;
        -:   63:
        -:   64:    /* 参数（负值容易引起歧义，统一转正） */
        3:   65:    pid->i_limit = (i_limit >= 0.0f) ? i_limit : -i_limit;
branch  0 taken 2 (fallthrough)
branch  1 taken 1
        3:   66:    pid->out_limit = (out_limit >= 0.0f) ? out_limit : -out_limit;
branch  0 taken 2 (fallthrough)
branch  1 taken 1
        -:   67:#if PID_KAOYATEACH_ENABLE
        -:   68:    LOGKAOYA_T("PID", "【PID参数】比例参数：%f 积分参数：%f 微分参数：%f", (double)pid->kp, (double)pid->ki, (double)pid->kd);
        -:   69:               
        -:   70:#endif	
        -:   71:}
        -:   72:
function PID_Reset called 2 returned 100% blocks executed 100%
        2:   73:void PID_Reset(PID_t* pid)
        -:   74:{
        2:   75:    if (pid == NULL) return;
branch  0 taken 1 (fallthrough)
branch  1 taken 1
        1:   76:    pid->i_acc = 0.0f;
        1:   77:    pid->prev_err = 0.0f;
        -:   78:
        -:   79:}
        -:   80:
function PID_Update called 8 returned 100% blocks executed 100%
        8:   81:int16_t PID_Update(PID_t* pid, float ref, float meas, float dt)
        -:   82:{
        8:   83:    if (pid == NULL) return 0;
branch  0 taken 1 (fallthrough)
branch  1 taken 7
        -:   84:
        7:   85:    float err = ref - meas;
        -:   86:
        -:   87:    /* P */
        7:   88:    float p = pid->kp * err;
        -:   89:
        -:   90:    /* I（带限幅） */
        7:   91:    pid->i_acc += pid->ki * err * dt;
        7:   92:    pid->i_acc = pid_clampf(pid->i_acc, -pid->i_limit, pid->i_limit);
call    0 returned 7
        -:   93:
        -:   94:    /* D（可选） */
        7:   95:    float d = 0.0f;
        7:   96:    if ((pid->kd != 0.0f) && (dt > 0.0f)) {
branch  0 taken 2 (fallthrough)
branch  1 taken 5
branch  2 taken 1 (fallthrough)
branch  3 taken 1
        1:   97:        d = pid->kd * (err - pid->prev_err) / dt;
        -:   98:    }
        7:   99:    pid->prev_err = err;
        -:  100:
        -:  101:    /* 输出合成 + 限幅 */
        7:  102:    float out = p + pid->i_acc + d;
        7:  103:    out = pid_clampf(out, -pid->out_limit, pid->out_limit);
call    0 returned 7
        -:  104:#if PID_KAOYATEACH_ENABLE
        -:  105:	LOGKAOYA_T("PID", "【PID值】比例值：%f 积分值：%f 微分值：%f", (double)p, (double)pid->i_acc, (double)d);
        -:  106:#endif
        -:  107:    /* 输出：四舍五入到 int16 */
        7:  108:    return (int16_t)lroundf(out);
        -:  109:}
