        -:    0:Source:uds_server.c
        -:    0:Graph:uds_server.gcno
        -:    0:Data:uds_server.gcda
        -:    0:Runs:1
        -:    0:Programs:1
        -:    1:#include "uds_server.h"
        -:    2:
        -:    3:#include <string.h>
        -:    4:
        -:    5:#include "stm32f4xx.h"
        -:    6:#include "FreeRTOS.h"
        -:    7:#include "task.h"
        -:    8:#include "dtc_manager.h"
        -:    9:#include "vehicle_state.h"
        -:   10:#include "log_task.h"
        -:   11:#include "sensor_task.h"
        -:   12:#include "fault_manager.h"
        -:   13:#include "boot_layout.h"
        -:   14:
        -:   15:#define UDS_SID_DIAGNOSTIC_SESSION_CONTROL     (0x10u)
        -:   16:#define UDS_SID_ECU_RESET                      (0x11u)
        -:   17:#define UDS_SID_CLEAR_DIAGNOSTIC_INFORMATION  (0x14u)
        -:   18:#define UDS_SID_READ_DTC_INFORMATION          (0x19u)
        -:   19:#define UDS_SID_READ_DATA_BY_IDENTIFIER        (0x22u)
        -:   20:#define UDS_SID_ROUTINE_CONTROL                (0x31u)
        -:   21:#define UDS_SID_TESTER_PRESENT                 (0x3Eu)
        -:   22:#define UDS_POSITIVE_RESPONSE_OFFSET          (0x40u)
        -:   23:
        -:   24:#define UDS_SUB_REPORT_DTC_BY_STATUS_MASK     (0x02u)
        -:   25:#define UDS_DTC_STATUS_AVAILABILITY_MASK      (0x2Fu)
        -:   26:
        -:   27:#define UDS_NRC_INCORRECT_LENGTH              (0x13u)
        -:   28:#define UDS_NRC_CONDITIONS_NOT_CORRECT        (0x22u)
        -:   29:#define UDS_NRC_BUSY_REPEAT_REQUEST            (0x21u)
        -:   30:#define UDS_NRC_REQUEST_OUT_OF_RANGE          (0x31u)
        -:   31:#define UDS_NRC_SERVICE_NOT_SUPPORTED         (0x11u)
        -:   32:#define UDS_NRC_SUBFUNCTION_NOT_SUPPORTED     (0x12u)
        -:   33:#define UDS_NRC_SUBFUNCTION_NOT_IN_SESSION     (0x7Eu)
        -:   34:#define UDS_NRC_RESPONSE_PENDING               (0x78u)
        -:   35:
        -:   36:#define UDS_TX_QUEUE_DEPTH                    (8u)
        -:   37:#define UDS_RESPONSE_MAX_LEN                  (3u + 4u * DTC_ID_COUNT)
        -:   38:#define UDS_FLOW_CONTROL_TIMEOUT_MS           (1000u)
        -:   39:#define UDS_SESSION_TIMEOUT_MS                (5000u)
        -:   40:#define UDS_P2_SERVER_MAX_MS                  (50u)
        -:   41:#define UDS_P2_STAR_SERVER_MAX_10MS           (500u)
        -:   42:
        -:   43:#define UDS_DID_RUNTIME_DATA                  (0xF100u)
        -:   44:#define UDS_DID_UPTIME_MS                     (0xF101u)
        -:   45:#define UDS_DID_VECTOR_TABLE                  (0xF102u)
        -:   46:#define UDS_DID_VIN                           (0xF190u)
        -:   47:#define UDS_DID_SOFTWARE_VERSION              (0xF195u)
        -:   48:
        -:   49:#define UDS_ROUTINE_ASYNC_SELF_TEST           (0xFF00u)
        -:   50:#define UDS_ROUTINE_DURATION_MS               (250u)
        -:   51:#define UDS_RESET_AFTER_TX_DELAY_MS           (50u)
        -:   52:
        -:   53:#define UDS_TX_ACTION_NONE                    (0u)
        -:   54:#define UDS_TX_ACTION_HARD_RESET              (1u)
        -:   55:#define UDS_TX_ACTION_PROGRAMMING_RESET       (2u)
        -:   56:
        -:   57:static uint8_t s_tx_queue[UDS_TX_QUEUE_DEPTH][8];
        -:   58:static uint8_t s_tx_action[UDS_TX_QUEUE_DEPTH];
        -:   59:static uint8_t s_tx_head;
        -:   60:static uint8_t s_tx_tail;
        -:   61:static uint8_t s_tx_count;
        -:   62:
        -:   63:static uint8_t s_multiframe[UDS_RESPONSE_MAX_LEN];
        -:   64:static uint8_t s_multiframe_len;
        -:   65:static uint8_t s_multiframe_offset;
        -:   66:static uint8_t s_multiframe_sn;
        -:   67:static bool s_waiting_flow_control;
        -:   68:static uint32_t s_flow_control_deadline_ms;
        -:   69:static uint8_t s_session;
        -:   70:static uint32_t s_session_deadline_ms;
        -:   71:static bool s_reset_pending;
        -:   72:static uint32_t s_reset_due_ms;
        -:   73:static bool s_reset_to_bootloader;
        -:   74:static bool s_routine_pending;
        -:   75:static uint32_t s_routine_due_ms;
        -:   76:
function touch_session called 125 returned 100% blocks executed 100%
      125:   77:static void touch_session(uint32_t now_ms)
        -:   78:{
      125:   79:    if (s_session != UDS_SESSION_DEFAULT)
branch  0 taken 84 (fallthrough)
branch  1 taken 41
        -:   80:    {
       84:   81:        s_session_deadline_ms = now_ms + UDS_SESSION_TIMEOUT_MS;
        -:   82:    }
      125:   83:}
        -:   84:
function enqueue_frame_action called 98 returned 100% blocks executed 100%
       98:   85:static bool enqueue_frame_action(const uint8_t frame[8], uint8_t action)
        -:   86:{
       98:   87:    bool queued = false;
        -:   88:
       98:   89:    taskENTER_CRITICAL();
call    0 returned 98
       98:   90:    if (s_tx_count < UDS_TX_QUEUE_DEPTH)
branch  0 taken 92 (fallthrough)
branch  1 taken 6
        -:   91:    {
       92:   92:        (void)memcpy(s_tx_queue[s_tx_tail], frame, 8u);
       92:   93:        s_tx_action[s_tx_tail] = action;
       92:   94:        s_tx_tail = (uint8_t)((s_tx_tail + 1u) % UDS_TX_QUEUE_DEPTH);
       92:   95:        s_tx_count++;
       92:   96:        queued = true;
        -:   97:    }
       98:   98:    taskEXIT_CRITICAL();
call    0 returned 98
       98:   99:    return queued;
        -:  100:}
        -:  101:
function enqueue_frame called 19 returned 100% blocks executed 100%
       19:  102:static bool enqueue_frame(const uint8_t frame[8])
        -:  103:{
       19:  104:    return enqueue_frame_action(frame, UDS_TX_ACTION_NONE);
call    0 returned 19
        -:  105:}
        -:  106:
function send_single_frame_action called 79 returned 100% blocks executed 83%
       79:  107:static bool send_single_frame_action(const uint8_t *payload, uint8_t length,
        -:  108:                                     uint8_t action)
        -:  109:{
       79:  110:    uint8_t frame[8] = {0};
        -:  111:
      79*:  112:    if ((payload == NULL) || (length > 7u)) return false;
branch  0 taken 79 (fallthrough)
branch  1 taken 0
branch  2 taken 0 (fallthrough)
branch  3 taken 79
       79:  113:    frame[0] = length;
       79:  114:    (void)memcpy(&frame[1], payload, length);
       79:  115:    return enqueue_frame_action(frame, action);
call    0 returned 79
        -:  116:}
        -:  117:
function send_single_frame called 76 returned 100% blocks executed 100%
       76:  118:static bool send_single_frame(const uint8_t *payload, uint8_t length)
        -:  119:{
       76:  120:    return send_single_frame_action(payload, length, UDS_TX_ACTION_NONE);
call    0 returned 76
        -:  121:}
        -:  122:
function send_negative_response called 25 returned 100% blocks executed 100%
       25:  123:static void send_negative_response(uint8_t request_sid, uint8_t nrc)
        -:  124:{
       25:  125:    uint8_t response[3] = {0x7Fu, request_sid, nrc};
       25:  126:    send_single_frame(response, sizeof(response));
call    0 returned 25
       25:  127:}
        -:  128:
function start_response called 10 returned 100% blocks executed 92%
       10:  129:static void start_response(const uint8_t *payload, uint8_t length,
        -:  130:                           uint32_t now_ms)
        -:  131:{
       10:  132:    uint8_t frame[8] = {0};
        -:  133:
       10:  134:    if ((payload == NULL) || (length == 0u) ||
branch  0 taken 10 (fallthrough)
branch  1 taken 0
branch  2 taken 10 (fallthrough)
branch  3 taken 0
branch  4 taken 0 (fallthrough)
branch  5 taken 10
       3*:  135:        (length > UDS_RESPONSE_MAX_LEN)) return;
        -:  136:
       10:  137:    if (length <= 7u)
branch  0 taken 3 (fallthrough)
branch  1 taken 7
        -:  138:    {
        3:  139:        send_single_frame(payload, length);
call    0 returned 3
        3:  140:        return;
        -:  141:    }
        -:  142:
        7:  143:    frame[0] = (uint8_t)(0x10u | ((length >> 8u) & 0x0Fu));
        7:  144:    frame[1] = length;
        7:  145:    (void)memcpy(&frame[2], payload, 6u);
        7:  146:    if (enqueue_frame(frame))
call    0 returned 7
branch  1 taken 6 (fallthrough)
branch  2 taken 1
        -:  147:    {
        6:  148:        (void)memcpy(s_multiframe, payload, length);
        6:  149:        s_multiframe_len = length;
        6:  150:        s_multiframe_offset = 6u;
        6:  151:        s_multiframe_sn = 1u;
        6:  152:        s_waiting_flow_control = true;
        6:  153:        s_flow_control_deadline_ms = now_ms + UDS_FLOW_CONTROL_TIMEOUT_MS;
        -:  154:    }
        -:  155:}
        -:  156:
function continue_multiframe_after_flow_control called 6 returned 100% blocks executed 100%
        6:  157:static void continue_multiframe_after_flow_control(void)
        -:  158:{
       17:  159:    while (s_multiframe_offset < s_multiframe_len)
branch  0 taken 12
branch  1 taken 5 (fallthrough)
        -:  160:    {
       12:  161:        uint8_t frame[8] = {0};
       12:  162:        uint8_t remaining = (uint8_t)(s_multiframe_len - s_multiframe_offset);
       12:  163:        uint8_t chunk = (remaining > 7u) ? 7u : remaining;
        -:  164:
       12:  165:        frame[0] = (uint8_t)(0x20u | (s_multiframe_sn & 0x0Fu));
       12:  166:        (void)memcpy(&frame[1], &s_multiframe[s_multiframe_offset], chunk);
       12:  167:        if (!enqueue_frame(frame)) return;
call    0 returned 12
branch  1 taken 1 (fallthrough)
branch  2 taken 11
       11:  168:        s_multiframe_offset = (uint8_t)(s_multiframe_offset + chunk);
       11:  169:        s_multiframe_sn = (uint8_t)((s_multiframe_sn + 1u) & 0x0Fu);
        -:  170:    }
        5:  171:    s_waiting_flow_control = false;
        -:  172:}
        -:  173:
function handle_read_dtc called 4 returned 100% blocks executed 100%
        4:  174:static void handle_read_dtc(const uint8_t *request, uint8_t length,
        -:  175:                            uint32_t now_ms)
        -:  176:{
        -:  177:    uint8_t response[UDS_RESPONSE_MAX_LEN];
        4:  178:    uint8_t response_len = 3u;
        -:  179:    uint8_t status_mask;
        -:  180:    uint32_t index;
        -:  181:
        4:  182:    if (length != 3u)
branch  0 taken 1 (fallthrough)
branch  1 taken 3
        -:  183:    {
        1:  184:        send_negative_response(UDS_SID_READ_DTC_INFORMATION,
call    0 returned 1
        -:  185:                               UDS_NRC_INCORRECT_LENGTH);
        2:  186:        return;
        -:  187:    }
        3:  188:    if (request[1] != UDS_SUB_REPORT_DTC_BY_STATUS_MASK)
branch  0 taken 1 (fallthrough)
branch  1 taken 2
        -:  189:    {
        1:  190:        send_negative_response(UDS_SID_READ_DTC_INFORMATION,
call    0 returned 1
        -:  191:                               UDS_NRC_SUBFUNCTION_NOT_SUPPORTED);
        1:  192:        return;
        -:  193:    }
        -:  194:
        2:  195:    status_mask = (uint8_t)(request[2] & UDS_DTC_STATUS_AVAILABILITY_MASK);
        2:  196:    response[0] = UDS_SID_READ_DTC_INFORMATION + UDS_POSITIVE_RESPONSE_OFFSET;
        2:  197:    response[1] = UDS_SUB_REPORT_DTC_BY_STATUS_MASK;
        2:  198:    response[2] = UDS_DTC_STATUS_AVAILABILITY_MASK;
        -:  199:
       20:  200:    for (index = 0u; index < (uint32_t)DTC_ID_COUNT; index++)
branch  0 taken 18
branch  1 taken 2 (fallthrough)
        -:  201:    {
        -:  202:        DtcRecord_t record;
       18:  203:        if (DtcManager_GetRecord((DtcId_t)index, &record) &&
call    0 returned 18
branch  1 taken 18 (fallthrough)
branch  2 taken 0
       18:  204:            ((record.status & status_mask) != 0u))
branch  0 taken 9 (fallthrough)
branch  1 taken 9
        -:  205:        {
        9:  206:            response[response_len++] = (uint8_t)(record.code >> 16u);
        9:  207:            response[response_len++] = (uint8_t)(record.code >> 8u);
        9:  208:            response[response_len++] = (uint8_t)record.code;
        9:  209:            response[response_len++] = record.status;
        -:  210:        }
        -:  211:    }
        2:  212:    start_response(response, response_len, now_ms);
call    0 returned 2
        -:  213:}
        -:  214:
function handle_clear_dtc called 6 returned 100% blocks executed 100%
        6:  215:static void handle_clear_dtc(const uint8_t *request, uint8_t length)
        -:  216:{
        -:  217:    VehicleStateSnapshot_t vehicle;
        6:  218:    uint8_t response = UDS_SID_CLEAR_DIAGNOSTIC_INFORMATION +
        -:  219:                       UDS_POSITIVE_RESPONSE_OFFSET;
        -:  220:
        6:  221:    if (length != 4u)
branch  0 taken 1 (fallthrough)
branch  1 taken 5
        -:  222:    {
        1:  223:        send_negative_response(UDS_SID_CLEAR_DIAGNOSTIC_INFORMATION,
call    0 returned 1
        -:  224:                               UDS_NRC_INCORRECT_LENGTH);
        5:  225:        return;
        -:  226:    }
        5:  227:    if ((request[1] != 0xFFu) || (request[2] != 0xFFu) ||
branch  0 taken 4 (fallthrough)
branch  1 taken 1
branch  2 taken 3 (fallthrough)
branch  3 taken 1
        3:  228:        (request[3] != 0xFFu))
branch  0 taken 1 (fallthrough)
branch  1 taken 2
        -:  229:    {
        3:  230:        send_negative_response(UDS_SID_CLEAR_DIAGNOSTIC_INFORMATION,
call    0 returned 3
        -:  231:                               UDS_NRC_REQUEST_OUT_OF_RANGE);
        3:  232:        return;
        -:  233:    }
        -:  234:
        2:  235:    vehicle = VehicleState_GetSnapshot();
call    0 returned 2
        2:  236:    if (!DtcManager_ClearAll(vehicle.state != VCU_STATE_DRIVE))
call    0 returned 2
branch  1 taken 1 (fallthrough)
branch  2 taken 1
        -:  237:    {
        1:  238:        send_negative_response(UDS_SID_CLEAR_DIAGNOSTIC_INFORMATION,
call    0 returned 1
        -:  239:                               UDS_NRC_CONDITIONS_NOT_CORRECT);
        1:  240:        return;
        -:  241:    }
        1:  242:    send_single_frame(&response, 1u);
call    0 returned 1
        -:  243:}
        -:  244:
function handle_session_control called 12 returned 100% blocks executed 100%
       12:  245:static void handle_session_control(const uint8_t *request, uint8_t length,
        -:  246:                                   uint32_t now_ms)
        -:  247:{
        -:  248:    uint8_t subfunction;
        -:  249:    uint8_t requested_session;
        -:  250:    bool suppress_response;
        -:  251:    uint8_t response[6];
        -:  252:
       12:  253:    if (length != 2u)
branch  0 taken 1 (fallthrough)
branch  1 taken 11
        -:  254:    {
        1:  255:        send_negative_response(UDS_SID_DIAGNOSTIC_SESSION_CONTROL,
call    0 returned 1
        -:  256:                               UDS_NRC_INCORRECT_LENGTH);
        5:  257:        return;
        -:  258:    }
        -:  259:
       11:  260:    subfunction = request[1];
       11:  261:    suppress_response = (subfunction & 0x80u) != 0u;
       11:  262:    requested_session = (uint8_t)(subfunction & 0x7Fu);
       11:  263:    if ((requested_session != UDS_SESSION_DEFAULT) &&
branch  0 taken 10 (fallthrough)
branch  1 taken 1
branch  2 taken 7 (fallthrough)
branch  3 taken 3
        7:  264:        (requested_session != UDS_SESSION_PROGRAMMING) &&
branch  0 taken 1 (fallthrough)
branch  1 taken 6
        -:  265:        (requested_session != UDS_SESSION_EXTENDED))
        -:  266:    {
        1:  267:        send_negative_response(UDS_SID_DIAGNOSTIC_SESSION_CONTROL,
call    0 returned 1
        -:  268:                               UDS_NRC_SUBFUNCTION_NOT_SUPPORTED);
        1:  269:        return;
        -:  270:    }
        -:  271:
       10:  272:    if ((requested_session == UDS_SESSION_PROGRAMMING) &&
branch  0 taken 3 (fallthrough)
branch  1 taken 7
        3:  273:        (VehicleState_GetSnapshot().state == VCU_STATE_DRIVE))
call    0 returned 3
branch  1 taken 1 (fallthrough)
branch  2 taken 2
        -:  274:    {
        1:  275:        send_negative_response(UDS_SID_DIAGNOSTIC_SESSION_CONTROL,
call    0 returned 1
        -:  276:                               UDS_NRC_CONDITIONS_NOT_CORRECT);
        1:  277:        return;
        -:  278:    }
        -:  279:
        9:  280:    s_session = requested_session;
        9:  281:    s_session_deadline_ms = now_ms + UDS_SESSION_TIMEOUT_MS;
        9:  282:    if (suppress_response) return;
branch  0 taken 2 (fallthrough)
branch  1 taken 7
        -:  283:
        7:  284:    response[0] = UDS_SID_DIAGNOSTIC_SESSION_CONTROL +
        -:  285:                  UDS_POSITIVE_RESPONSE_OFFSET;
        7:  286:    response[1] = requested_session;
        7:  287:    response[2] = (uint8_t)(UDS_P2_SERVER_MAX_MS >> 8u);
        7:  288:    response[3] = (uint8_t)UDS_P2_SERVER_MAX_MS;
        7:  289:    response[4] = (uint8_t)(UDS_P2_STAR_SERVER_MAX_10MS >> 8u);
        7:  290:    response[5] = (uint8_t)UDS_P2_STAR_SERVER_MAX_10MS;
        7:  291:    send_single_frame(response, sizeof(response));
call    0 returned 7
        -:  292:}
        -:  293:
function handle_tester_present called 38 returned 100% blocks executed 100%
       38:  294:static void handle_tester_present(const uint8_t *request, uint8_t length,
        -:  295:                                  uint32_t now_ms)
        -:  296:{
       38:  297:    uint8_t response[2] = {UDS_SID_TESTER_PRESENT + UDS_POSITIVE_RESPONSE_OFFSET,
        -:  298:                           0x00u};
        -:  299:
       38:  300:    if (length != 2u)
branch  0 taken 1 (fallthrough)
branch  1 taken 37
        -:  301:    {
        1:  302:        send_negative_response(UDS_SID_TESTER_PRESENT,
call    0 returned 1
        -:  303:                               UDS_NRC_INCORRECT_LENGTH);
        2:  304:        return;
        -:  305:    }
       37:  306:    if ((request[1] & 0x7Fu) != 0u)
branch  0 taken 1 (fallthrough)
branch  1 taken 36
        -:  307:    {
        1:  308:        send_negative_response(UDS_SID_TESTER_PRESENT,
call    0 returned 1
        -:  309:                               UDS_NRC_SUBFUNCTION_NOT_SUPPORTED);
        1:  310:        return;
        -:  311:    }
        -:  312:
       36:  313:    touch_session(now_ms);
call    0 returned 36
       36:  314:    if ((request[1] & 0x80u) == 0u)
branch  0 taken 34 (fallthrough)
branch  1 taken 2
        -:  315:    {
       34:  316:        send_single_frame(response, sizeof(response));
call    0 returned 34
        -:  317:    }
        -:  318:}
        -:  319:
function handle_read_data_by_identifier called 10 returned 100% blocks executed 100%
       10:  320:static void handle_read_data_by_identifier(const uint8_t *request,
        -:  321:                                           uint8_t length,
        -:  322:                                           uint32_t now_ms)
        -:  323:{
        -:  324:    static const uint8_t vin[17] = "KAOYA-F407-ECU001";
        -:  325:    static const uint8_t sw_version[] = "VCU-0.6.0";
        -:  326:    uint8_t response[UDS_RESPONSE_MAX_LEN];
       10:  327:    uint8_t response_len = 3u;
        -:  328:    uint16_t did;
        -:  329:
       10:  330:    if (length != 3u)
branch  0 taken 1 (fallthrough)
branch  1 taken 9
        -:  331:    {
        1:  332:        send_negative_response(UDS_SID_READ_DATA_BY_IDENTIFIER,
call    0 returned 1
        -:  333:                               UDS_NRC_INCORRECT_LENGTH);
        2:  334:        return;
        -:  335:    }
        -:  336:
        9:  337:    did = (uint16_t)(((uint16_t)request[1] << 8u) | request[2]);
        9:  338:    response[0] = UDS_SID_READ_DATA_BY_IDENTIFIER + UDS_POSITIVE_RESPONSE_OFFSET;
        9:  339:    response[1] = request[1];
        9:  340:    response[2] = request[2];
        -:  341:
        9:  342:    if (did == UDS_DID_VIN)
branch  0 taken 4 (fallthrough)
branch  1 taken 5
        -:  343:    {
        4:  344:        (void)memcpy(&response[response_len], vin, sizeof(vin));
        4:  345:        response_len = (uint8_t)(response_len + sizeof(vin));
        -:  346:    }
        5:  347:    else if (did == UDS_DID_SOFTWARE_VERSION)
branch  0 taken 1 (fallthrough)
branch  1 taken 4
        -:  348:    {
        1:  349:        (void)memcpy(&response[response_len], sw_version, sizeof(sw_version) - 1u);
        1:  350:        response_len = (uint8_t)(response_len + sizeof(sw_version) - 1u);
        -:  351:    }
        4:  352:    else if (did == UDS_DID_RUNTIME_DATA)
branch  0 taken 1 (fallthrough)
branch  1 taken 3
        -:  353:    {
        -:  354:        proto_status_t sensor;
        1:  355:        VehicleStateSnapshot_t vehicle = VehicleState_GetSnapshot();
call    0 returned 1
        1:  356:        SensorSnap_Get(&sensor);
call    0 returned 1
        1:  357:        response[response_len++] = (uint8_t)vehicle.state;
        1:  358:        response[response_len++] = vehicle.fault_flags;
        1:  359:        response[response_len++] = (uint8_t)(sensor.battery_mv >> 8u);
        1:  360:        response[response_len++] = (uint8_t)sensor.battery_mv;
        1:  361:        response[response_len++] = DtcManager_GetActiveCount();
call    0 returned 1
        1:  362:        response[response_len++] = DtcManager_GetConfirmedCount();
call    0 returned 1
        1:  363:        response[response_len++] = FaultManager_GetInjectionMask();
call    0 returned 1
        1:  364:        response[response_len++] = s_session;
        -:  365:    }
        3:  366:    else if (did == UDS_DID_UPTIME_MS)
branch  0 taken 1 (fallthrough)
branch  1 taken 2
        -:  367:    {
        1:  368:        uint32_t uptime_ms = (uint32_t)(xTaskGetTickCount() * portTICK_PERIOD_MS);
call    0 returned 1
        1:  369:        response[response_len++] = (uint8_t)(uptime_ms >> 24u);
        1:  370:        response[response_len++] = (uint8_t)(uptime_ms >> 16u);
        1:  371:        response[response_len++] = (uint8_t)(uptime_ms >> 8u);
        1:  372:        response[response_len++] = (uint8_t)uptime_ms;
        -:  373:    }
        2:  374:    else if (did == UDS_DID_VECTOR_TABLE)
branch  0 taken 1 (fallthrough)
branch  1 taken 1
        -:  375:    {
        1:  376:        uint32_t vector_table = SCB->VTOR;
        1:  377:        response[response_len++] = (uint8_t)(vector_table >> 24u);
        1:  378:        response[response_len++] = (uint8_t)(vector_table >> 16u);
        1:  379:        response[response_len++] = (uint8_t)(vector_table >> 8u);
        1:  380:        response[response_len++] = (uint8_t)vector_table;
        -:  381:    }
        -:  382:    else
        -:  383:    {
        1:  384:        send_negative_response(UDS_SID_READ_DATA_BY_IDENTIFIER,
call    0 returned 1
        -:  385:                               UDS_NRC_REQUEST_OUT_OF_RANGE);
        1:  386:        return;
        -:  387:    }
        8:  388:    start_response(response, response_len, now_ms);
call    0 returned 8
        -:  389:}
        -:  390:
function handle_ecu_reset called 9 returned 100% blocks executed 100%
        9:  391:static void handle_ecu_reset(const uint8_t *request, uint8_t length,
        -:  392:                             uint32_t now_ms)
        -:  393:{
        -:  394:    uint8_t subfunction;
        -:  395:    bool suppress_response;
        -:  396:    VehicleStateSnapshot_t vehicle;
        -:  397:    uint8_t response[2];
        -:  398:
        9:  399:    if (length != 2u)
branch  0 taken 1 (fallthrough)
branch  1 taken 8
        -:  400:    {
        1:  401:        send_negative_response(UDS_SID_ECU_RESET, UDS_NRC_INCORRECT_LENGTH);
call    0 returned 1
        6:  402:        return;
        -:  403:    }
        8:  404:    subfunction = (uint8_t)(request[1] & 0x7Fu);
        8:  405:    suppress_response = (request[1] & 0x80u) != 0u;
        8:  406:    if (subfunction != 0x01u)
branch  0 taken 1 (fallthrough)
branch  1 taken 7
        -:  407:    {
        1:  408:        send_negative_response(UDS_SID_ECU_RESET,
call    0 returned 1
        -:  409:                               UDS_NRC_SUBFUNCTION_NOT_SUPPORTED);
        1:  410:        return;
        -:  411:    }
        7:  412:    if ((s_session != UDS_SESSION_EXTENDED) &&
branch  0 taken 3 (fallthrough)
branch  1 taken 4
        3:  413:        (s_session != UDS_SESSION_PROGRAMMING))
branch  0 taken 1 (fallthrough)
branch  1 taken 2
        -:  414:    {
        1:  415:        send_negative_response(UDS_SID_ECU_RESET,
call    0 returned 1
        -:  416:                               UDS_NRC_SUBFUNCTION_NOT_IN_SESSION);
        1:  417:        return;
        -:  418:    }
        6:  419:    vehicle = VehicleState_GetSnapshot();
call    0 returned 6
        6:  420:    if (vehicle.state == VCU_STATE_DRIVE)
branch  0 taken 1 (fallthrough)
branch  1 taken 5
        -:  421:    {
        1:  422:        send_negative_response(UDS_SID_ECU_RESET,
call    0 returned 1
        -:  423:                               UDS_NRC_CONDITIONS_NOT_CORRECT);
        1:  424:        return;
        -:  425:    }
        -:  426:
        5:  427:    if (suppress_response)
branch  0 taken 2 (fallthrough)
branch  1 taken 3
        -:  428:    {
        2:  429:        s_reset_to_bootloader = (s_session == UDS_SESSION_PROGRAMMING);
        2:  430:        s_reset_pending = true;
        2:  431:        s_reset_due_ms = now_ms + UDS_RESET_AFTER_TX_DELAY_MS;
        2:  432:        return;
        -:  433:    }
        3:  434:    response[0] = UDS_SID_ECU_RESET + UDS_POSITIVE_RESPONSE_OFFSET;
        3:  435:    response[1] = subfunction;
        3:  436:    (void)send_single_frame_action(response, sizeof(response),
call    0 returned 3
        3:  437:                                   (s_session == UDS_SESSION_PROGRAMMING) ?
branch  0 taken 1 (fallthrough)
branch  1 taken 2
        -:  438:                                   UDS_TX_ACTION_PROGRAMMING_RESET :
        -:  439:                                   UDS_TX_ACTION_HARD_RESET);
        -:  440:}
        -:  441:
function handle_routine_control called 9 returned 100% blocks executed 100%
        9:  442:static void handle_routine_control(const uint8_t *request, uint8_t length,
        -:  443:                                   uint32_t now_ms)
        -:  444:{
        -:  445:    uint16_t routine_id;
        9:  446:    uint8_t pending[3] = {0x7Fu, UDS_SID_ROUTINE_CONTROL,
        -:  447:                          UDS_NRC_RESPONSE_PENDING};
        -:  448:
        9:  449:    if (length != 4u)
branch  0 taken 1 (fallthrough)
branch  1 taken 8
        -:  450:    {
        1:  451:        send_negative_response(UDS_SID_ROUTINE_CONTROL,
call    0 returned 1
        -:  452:                               UDS_NRC_INCORRECT_LENGTH);
        6:  453:        return;
        -:  454:    }
        8:  455:    if (request[1] != 0x01u)
branch  0 taken 1 (fallthrough)
branch  1 taken 7
        -:  456:    {
        1:  457:        send_negative_response(UDS_SID_ROUTINE_CONTROL,
call    0 returned 1
        -:  458:                               UDS_NRC_SUBFUNCTION_NOT_SUPPORTED);
        1:  459:        return;
        -:  460:    }
        7:  461:    if (s_session != UDS_SESSION_EXTENDED)
branch  0 taken 1 (fallthrough)
branch  1 taken 6
        -:  462:    {
        1:  463:        send_negative_response(UDS_SID_ROUTINE_CONTROL,
call    0 returned 1
        -:  464:                               UDS_NRC_SUBFUNCTION_NOT_IN_SESSION);
        1:  465:        return;
        -:  466:    }
        6:  467:    if (s_routine_pending)
branch  0 taken 1 (fallthrough)
branch  1 taken 5
        -:  468:    {
        1:  469:        send_negative_response(UDS_SID_ROUTINE_CONTROL,
call    0 returned 1
        -:  470:                               UDS_NRC_BUSY_REPEAT_REQUEST);
        1:  471:        return;
        -:  472:    }
        5:  473:    routine_id = (uint16_t)(((uint16_t)request[2] << 8u) | request[3]);
        5:  474:    if (routine_id != UDS_ROUTINE_ASYNC_SELF_TEST)
branch  0 taken 1 (fallthrough)
branch  1 taken 4
        -:  475:    {
        1:  476:        send_negative_response(UDS_SID_ROUTINE_CONTROL,
call    0 returned 1
        -:  477:                               UDS_NRC_REQUEST_OUT_OF_RANGE);
        1:  478:        return;
        -:  479:    }
        4:  480:    if (VehicleState_GetSnapshot().state == VCU_STATE_DRIVE)
call    0 returned 4
branch  1 taken 1 (fallthrough)
branch  2 taken 3
        -:  481:    {
        1:  482:        send_negative_response(UDS_SID_ROUTINE_CONTROL,
call    0 returned 1
        -:  483:                               UDS_NRC_CONDITIONS_NOT_CORRECT);
        1:  484:        return;
        -:  485:    }
        -:  486:
        3:  487:    if (send_single_frame(pending, sizeof(pending)))
call    0 returned 3
branch  1 taken 2 (fallthrough)
branch  2 taken 1
        -:  488:    {
        2:  489:        s_routine_pending = true;
        2:  490:        s_routine_due_ms = now_ms + UDS_ROUTINE_DURATION_MS;
        -:  491:    }
        -:  492:}
        -:  493:
function UdsServer_Init called 6 returned 100% blocks executed 100%
        6:  494:void UdsServer_Init(void)
        -:  495:{
        6:  496:    taskENTER_CRITICAL();
call    0 returned 6
        6:  497:    (void)memset(s_tx_queue, 0, sizeof(s_tx_queue));
        6:  498:    (void)memset(s_tx_action, 0, sizeof(s_tx_action));
        6:  499:    s_tx_head = 0u;
        6:  500:    s_tx_tail = 0u;
        6:  501:    s_tx_count = 0u;
        6:  502:    s_multiframe_len = 0u;
        6:  503:    s_multiframe_offset = 0u;
        6:  504:    s_multiframe_sn = 0u;
        6:  505:    s_waiting_flow_control = false;
        6:  506:    s_flow_control_deadline_ms = 0u;
        6:  507:    s_session = UDS_SESSION_DEFAULT;
        6:  508:    s_session_deadline_ms = 0u;
        6:  509:    s_reset_pending = false;
        6:  510:    s_reset_due_ms = 0u;
        6:  511:    s_reset_to_bootloader = false;
        6:  512:    s_routine_pending = false;
        6:  513:    s_routine_due_ms = 0u;
        6:  514:    taskEXIT_CRITICAL();
call    0 returned 6
        6:  515:}
        -:  516:
function UdsServer_ProcessCanFrame called 103 returned 100% blocks executed 100%
      103:  517:void UdsServer_ProcessCanFrame(const uint8_t data[8], uint8_t dlc,
        -:  518:                               uint32_t now_ms)
        -:  519:{
        -:  520:    uint8_t pci_type;
        -:  521:    uint8_t length;
        -:  522:    const uint8_t *request;
        -:  523:
      103:  524:    if ((data == NULL) || (dlc != 8u)) return;
branch  0 taken 102 (fallthrough)
branch  1 taken 1
branch  2 taken 1 (fallthrough)
branch  3 taken 101
      101:  525:    pci_type = (uint8_t)(data[0] & 0xF0u);
        -:  526:
      101:  527:    if (pci_type == 0x30u)
branch  0 taken 9 (fallthrough)
branch  1 taken 92
        -:  528:    {
        9:  529:        if (s_waiting_flow_control && ((data[0] & 0x0Fu) == 0u))
branch  0 taken 7 (fallthrough)
branch  1 taken 2
branch  2 taken 6 (fallthrough)
branch  3 taken 1
        -:  530:        {
        6:  531:            continue_multiframe_after_flow_control();
call    0 returned 6
        -:  532:        }
        9:  533:        return;
        -:  534:    }
       92:  535:    if (pci_type != 0x00u) return;
branch  0 taken 1 (fallthrough)
branch  1 taken 91
        -:  536:
       91:  537:    length = (uint8_t)(data[0] & 0x0Fu);
       91:  538:    if ((length == 0u) || (length > 7u)) return;
branch  0 taken 90 (fallthrough)
branch  1 taken 1
branch  2 taken 1 (fallthrough)
branch  3 taken 89
       89:  539:    request = &data[1];
       89:  540:    touch_session(now_ms);
call    0 returned 89
        -:  541:
       89:  542:    if (request[0] == UDS_SID_DIAGNOSTIC_SESSION_CONTROL)
branch  0 taken 12 (fallthrough)
branch  1 taken 77
        -:  543:    {
       12:  544:        handle_session_control(request, length, now_ms);
call    0 returned 12
        -:  545:    }
       77:  546:    else if (request[0] == UDS_SID_ECU_RESET)
branch  0 taken 9 (fallthrough)
branch  1 taken 68
        -:  547:    {
        9:  548:        handle_ecu_reset(request, length, now_ms);
call    0 returned 9
        -:  549:    }
       68:  550:    else if (request[0] == UDS_SID_READ_DTC_INFORMATION)
branch  0 taken 4 (fallthrough)
branch  1 taken 64
        -:  551:    {
        4:  552:        handle_read_dtc(request, length, now_ms);
call    0 returned 4
        -:  553:    }
       64:  554:    else if (request[0] == UDS_SID_CLEAR_DIAGNOSTIC_INFORMATION)
branch  0 taken 6 (fallthrough)
branch  1 taken 58
        -:  555:    {
        6:  556:        handle_clear_dtc(request, length);
call    0 returned 6
        -:  557:    }
       58:  558:    else if (request[0] == UDS_SID_READ_DATA_BY_IDENTIFIER)
branch  0 taken 10 (fallthrough)
branch  1 taken 48
        -:  559:    {
       10:  560:        handle_read_data_by_identifier(request, length, now_ms);
call    0 returned 10
        -:  561:    }
       48:  562:    else if (request[0] == UDS_SID_ROUTINE_CONTROL)
branch  0 taken 9 (fallthrough)
branch  1 taken 39
        -:  563:    {
        9:  564:        handle_routine_control(request, length, now_ms);
call    0 returned 9
        -:  565:    }
       39:  566:    else if (request[0] == UDS_SID_TESTER_PRESENT)
branch  0 taken 38 (fallthrough)
branch  1 taken 1
        -:  567:    {
       38:  568:        handle_tester_present(request, length, now_ms);
call    0 returned 38
        -:  569:    }
        -:  570:    else
        -:  571:    {
        1:  572:        send_negative_response(request[0], UDS_NRC_SERVICE_NOT_SUPPORTED);
call    0 returned 1
        -:  573:    }
        -:  574:}
        -:  575:
function UdsServer_PeekResponse called 112 returned 100% blocks executed 100%
      112:  576:bool UdsServer_PeekResponse(uint8_t data[8])
        -:  577:{
      112:  578:    bool available = false;
      112:  579:    if (data == NULL) return false;
branch  0 taken 1 (fallthrough)
branch  1 taken 111
        -:  580:
      111:  581:    taskENTER_CRITICAL();
call    0 returned 111
      111:  582:    if (s_tx_count > 0u)
branch  0 taken 92 (fallthrough)
branch  1 taken 19
        -:  583:    {
       92:  584:        (void)memcpy(data, s_tx_queue[s_tx_head], 8u);
       92:  585:        available = true;
        -:  586:    }
      111:  587:    taskEXIT_CRITICAL();
call    0 returned 111
      111:  588:    return available;
        -:  589:}
        -:  590:
function UdsServer_ConfirmResponseSent called 93 returned 100% blocks executed 100%
       93:  591:void UdsServer_ConfirmResponseSent(uint32_t now_ms)
        -:  592:{
       93:  593:    uint8_t action = UDS_TX_ACTION_NONE;
       93:  594:    taskENTER_CRITICAL();
call    0 returned 93
       93:  595:    if (s_tx_count > 0u)
branch  0 taken 92 (fallthrough)
branch  1 taken 1
        -:  596:    {
       92:  597:        action = s_tx_action[s_tx_head];
       92:  598:        s_tx_action[s_tx_head] = UDS_TX_ACTION_NONE;
       92:  599:        s_tx_head = (uint8_t)((s_tx_head + 1u) % UDS_TX_QUEUE_DEPTH);
       92:  600:        s_tx_count--;
        -:  601:    }
       93:  602:    taskEXIT_CRITICAL();
call    0 returned 93
       93:  603:    if ((action == UDS_TX_ACTION_HARD_RESET) ||
branch  0 taken 92 (fallthrough)
branch  1 taken 1
branch  2 taken 1 (fallthrough)
branch  3 taken 91
        -:  604:        (action == UDS_TX_ACTION_PROGRAMMING_RESET))
        -:  605:    {
        2:  606:        s_reset_to_bootloader =
        2:  607:            (action == UDS_TX_ACTION_PROGRAMMING_RESET);
        2:  608:        s_reset_pending = true;
        2:  609:        s_reset_due_ms = now_ms + UDS_RESET_AFTER_TX_DELAY_MS;
        -:  610:    }
       93:  611:}
        -:  612:
function UdsServer_Service called 21 returned 100% blocks executed 100%
       21:  613:void UdsServer_Service(uint32_t now_ms)
        -:  614:{
       21:  615:    if (s_waiting_flow_control &&
branch  0 taken 2 (fallthrough)
branch  1 taken 19
        2:  616:        ((int32_t)(now_ms - s_flow_control_deadline_ms) >= 0))
branch  0 taken 1 (fallthrough)
branch  1 taken 1
        -:  617:    {
        1:  618:        s_waiting_flow_control = false;
        1:  619:        LOGWARN_T("UDS", "ISO-TP flow-control timeout");
call    0 returned 1
        -:  620:    }
       21:  621:    if ((s_session != UDS_SESSION_DEFAULT) &&
branch  0 taken 19 (fallthrough)
branch  1 taken 2
       19:  622:        ((int32_t)(now_ms - s_session_deadline_ms) >= 0))
branch  0 taken 2 (fallthrough)
branch  1 taken 17
        -:  623:    {
        2:  624:        s_session = UDS_SESSION_DEFAULT;
        2:  625:        LOGINFO_T("UDS", "session timeout -> default");
call    0 returned 2
        -:  626:    }
       21:  627:    if (s_routine_pending &&
branch  0 taken 4 (fallthrough)
branch  1 taken 17
        4:  628:        ((int32_t)(now_ms - s_routine_due_ms) >= 0))
branch  0 taken 3 (fallthrough)
branch  1 taken 1
        -:  629:    {
        3:  630:        uint8_t response[5] = {UDS_SID_ROUTINE_CONTROL + UDS_POSITIVE_RESPONSE_OFFSET,
        -:  631:                               0x01u, 0xFFu, 0x00u, 0x00u};
        3:  632:        if (send_single_frame(response, sizeof(response)))
call    0 returned 3
branch  1 taken 2 (fallthrough)
branch  2 taken 1
        -:  633:        {
        2:  634:            s_routine_pending = false;
        -:  635:        }
        -:  636:    }
       21:  637:    if (s_reset_pending && ((int32_t)(now_ms - s_reset_due_ms) >= 0))
branch  0 taken 6 (fallthrough)
branch  1 taken 15
branch  2 taken 4 (fallthrough)
branch  3 taken 2
        -:  638:    {
        4:  639:        if (s_reset_to_bootloader)
branch  0 taken 2 (fallthrough)
branch  1 taken 2
        -:  640:        {
        2:  641:            *((volatile uint32_t *)BOOT_REQUEST_ADDRESS) = BOOT_REQUEST_MAGIC;
        -:  642:            __DSB();
        -:  643:        }
        -:  644:        __disable_irq();
        4:  645:        NVIC_SystemReset();
call    0 returned 4
        -:  646:    }
       21:  647:}
        -:  648:
function UdsServer_GetSession called 6 returned 100% blocks executed 100%
        6:  649:uint8_t UdsServer_GetSession(void)
        -:  650:{
        6:  651:    return s_session;
        -:  652:}
